# JRE version: Java(TM) SE Runtime Environment (17.0.11+7) (build 17.0.11+7-LTS-207)
# Java VM: Java HotSpot(TM) 64-Bit Server VM (17.0.11+7-LTS-207, mixed mode, sharing, tiered, compressed oops, compressed class ptrs, g1 gc, windows-amd64)
GC Precious Log:
 CPUs: 12 total, 12 available
 Memory: 15753M
 Large Page Support: Disabled
 NUMA Support: Disabled
 Compressed Oops: Enabled (Zero based)
 Heap Region Size: 2M
 Heap Min Capacity: 8M
 Heap Initial Capacity: 248M
 Heap Max Capacity: 3940M
 Pre-touch: Disabled
 Parallel Workers: 10
 Concurrent Workers: 3
 Concurrent Refinement Workers: 10
 Periodic GC: Disabled
Heap:
 garbage-first heap   total 122880K, used 98478K [0x0000000709c00000, 0x0000000800000000)
  region size 2048K, 36 young (73728K), 3 survivors (6144K)
 Metaspace       used 59975K, committed 60544K, reserved 1114112K
  class space    used 7476K, committed 7808K, reserved 1048576K
GC Heap History (20 events):
Event: 3.308 GC heap before
{Heap before GC invocations=6 (full 0):
 garbage-first heap   total 61440K, used 18281K [0x0000000709c00000, 0x0000000800000000)
  region size 2048K, 3 young (6144K), 2 survivors (4096K)
 Metaspace       used 25427K, committed 25792K, reserved 1114112K
  class space    used 3243K, committed 3456K, reserved 1048576K
}
Event: 3.317 GC heap after
{Heap after GC invocations=7 (full 0):
 garbage-first heap   total 61440K, used 16619K [0x0000000709c00000, 0x0000000800000000)
  region size 2048K, 1 young (2048K), 1 survivors (2048K)
 Metaspace       used 25427K, committed 25792K, reserved 1114112K
  class space    used 3243K, committed 3456K, reserved 1048576K
}
Event: 4.005 GC heap before
{Heap before GC invocations=7 (full 0):
 garbage-first heap   total 61440K, used 39147K [0x0000000709c00000, 0x0000000800000000)
  region size 2048K, 13 young (26624K), 1 survivors (2048K)
 Metaspace       used 30077K, committed 30464K, reserved 1114112K
  class space    used 3858K, committed 4032K, reserved 1048576K
}
Event: 4.008 GC heap after
{Heap after GC invocations=8 (full 0):
 garbage-first heap   total 61440K, used 17950K [0x0000000709c00000, 0x0000000800000000)
  region size 2048K, 2 young (4096K), 2 survivors (4096K)
 Metaspace       used 30077K, committed 30464K, reserved 1114112K
  class space    used 3858K, committed 4032K, reserved 1048576K
}
Event: 4.618 GC heap before
{Heap before GC invocations=8 (full 0):
 garbage-first heap   total 61440K, used 42526K [0x0000000709c00000, 0x0000000800000000)
  region size 2048K, 14 young (28672K), 2 survivors (4096K)
 Metaspace       used 33685K, committed 34176K, reserved 1114112K
  class space    used 4401K, committed 4672K, reserved 1048576K
}
Event: 4.621 GC heap after
{Heap after GC invocations=9 (full 0):
 garbage-first heap   total 61440K, used 19533K [0x0000000709c00000, 0x0000000800000000)
  region size 2048K, 2 young (4096K), 2 survivors (4096K)
 Metaspace       used 33685K, committed 34176K, reserved 1114112K
  class space    used 4401K, committed 4672K, reserved 1048576K
}
Event: 5.024 GC heap before
{Heap before GC invocations=9 (full 0):
 garbage-first heap   total 61440K, used 31821K [0x0000000709c00000, 0x0000000800000000)
  region size 2048K, 9 young (18432K), 2 survivors (4096K)
 Metaspace       used 35657K, committed 36096K, reserved 1114112K
  class space    used 4672K, committed 4928K, reserved 1048576K
}
Event: 5.027 GC heap after
{Heap after GC invocations=10 (full 0):
 garbage-first heap   total 61440K, used 20453K [0x0000000709c00000, 0x0000000800000000)
  region size 2048K, 2 young (4096K), 2 survivors (4096K)
 Metaspace       used 35657K, committed 36096K, reserved 1114112K
  class space    used 4672K, committed 4928K, reserved 1048576K
}
Event: 5.630 GC heap before
{Heap before GC invocations=11 (full 0):
 garbage-first heap   total 61440K, used 45029K [0x0000000709c00000, 0x0000000800000000)
  region size 2048K, 14 young (28672K), 2 survivors (4096K)
 Metaspace       used 38801K, committed 39296K, reserved 1114112K
  class space    used 5082K, committed 5312K, reserved 1048576K
}
Event: 5.634 GC heap after
{Heap after GC invocations=12 (full 0):
 garbage-first heap   total 157696K, used 22098K [0x0000000709c00000, 0x0000000800000000)
  region size 2048K, 2 young (4096K), 2 survivors (4096K)
 Metaspace       used 38801K, committed 39296K, reserved 1114112K
  class space    used 5082K, committed 5312K, reserved 1048576K
}
Event: 5.664 GC heap before
{Heap before GC invocations=12 (full 0):
 garbage-first heap   total 157696K, used 24146K [0x0000000709c00000, 0x0000000800000000)
  region size 2048K, 3 young (6144K), 2 survivors (4096K)
 Metaspace       used 39138K, committed 39616K, reserved 1114112K
  class space    used 5142K, committed 5376K, reserved 1048576K
}
Event: 5.668 GC heap after
{Heap after GC invocations=13 (full 0):
 garbage-first heap   total 157696K, used 22118K [0x0000000709c00000, 0x0000000800000000)
  region size 2048K, 1 young (2048K), 1 survivors (2048K)
 Metaspace       used 39138K, committed 39616K, reserved 1114112K
  class space    used 5142K, committed 5376K, reserved 1048576K
}
Event: 53.076 GC heap before
{Heap before GC invocations=13 (full 0):
 garbage-first heap   total 157696K, used 114278K [0x0000000709c00000, 0x0000000800000000)
  region size 2048K, 46 young (94208K), 1 survivors (2048K)
 Metaspace       used 53767K, committed 54272K, reserved 1114112K
  class space    used 7107K, committed 7360K, reserved 1048576K
}
Event: 53.083 GC heap after
{Heap after GC invocations=14 (full 0):
 garbage-first heap   total 157696K, used 28555K [0x0000000709c00000, 0x0000000800000000)
  region size 2048K, 4 young (8192K), 4 survivors (8192K)
 Metaspace       used 53767K, committed 54272K, reserved 1114112K
  class space    used 7107K, committed 7360K, reserved 1048576K
}
Event: 2084.269 GC heap before
{Heap before GC invocations=14 (full 0):
 garbage-first heap   total 157696K, used 114571K [0x0000000709c00000, 0x0000000800000000)
  region size 2048K, 46 young (94208K), 4 survivors (8192K)
 Metaspace       used 58605K, committed 59200K, reserved 1114112K
  class space    used 7537K, committed 7808K, reserved 1048576K
}
Event: 2084.279 GC heap after
{Heap after GC invocations=15 (full 0):
 garbage-first heap   total 157696K, used 32841K [0x0000000709c00000, 0x0000000800000000)
  region size 2048K, 3 young (6144K), 3 survivors (6144K)
 Metaspace       used 58605K, committed 59200K, reserved 1114112K
  class space    used 7537K, committed 7808K, reserved 1048576K
}
Event: 23093.458 GC heap before
{Heap before GC invocations=15 (full 0):
 garbage-first heap   total 157696K, used 116809K [0x0000000709c00000, 0x0000000800000000)
  region size 2048K, 44 young (90112K), 3 survivors (6144K)
 Metaspace       used 59517K, committed 60096K, reserved 1114112K
  class space    used 7540K, committed 7808K, reserved 1048576K
}
Event: 23093.465 GC heap after
{Heap after GC invocations=16 (full 0):
 garbage-first heap   total 157696K, used 33537K [0x0000000709c00000, 0x0000000800000000)
  region size 2048K, 3 young (6144K), 3 survivors (6144K)
 Metaspace       used 59517K, committed 60096K, reserved 1114112K
  class space    used 7540K, committed 7808K, reserved 1048576K
}
Event: 69698.434 GC heap before
{Heap before GC invocations=16 (full 0):
 garbage-first heap   total 157696K, used 58113K [0x0000000709c00000, 0x0000000800000000)
  region size 2048K, 16 young (32768K), 3 survivors (6144K)
 Metaspace       used 59761K, committed 60288K, reserved 1114112K
  class space    used 7541K, committed 7808K, reserved 1048576K
}
Event: 69698.441 GC heap after
{Heap after GC invocations=17 (full 0):
 garbage-first heap   total 157696K, used 32942K [0x0000000709c00000, 0x0000000800000000)
  region size 2048K, 3 young (6144K), 3 survivors (6144K)
 Metaspace       used 59761K, committed 60288K, reserved 1114112K
  class space    used 7541K, committed 7808K, reserved 1048576K
}

